<?xml version="1.0" encoding="UTF-8"?>
<testsuite xmlns:xsi="http://www.w3.org/2001/XMLSchema-instance" xsi:noNamespaceSchemaLocation="https://maven.apache.org/surefire/maven-surefire-plugin/xsd/surefire-test-report.xsd" name="TestSuite" time="28.419" tests="2" errors="0" skipped="0" failures="2">
  <properties>
[...]
</properties>
  <testcase name="loginTest" classname="com.inetBanking.testCases.TC_LoginTest_001" time="1.38">
    <failure message="element click intercepted: Element &lt;input type=&quot;submit&quot; name=&quot;btnLogin&quot; value=&quot;LOGIN&quot;&gt; is not clickable at point (518, 440). Other element would receive the click: &lt;iframe src=&quot;https://ccpa-manager.privacymanager.io/latest/index.html#/notice&quot; id=&quot;ccpa-consent-notice&quot; class=&quot;faktor-iframe-wrapper&quot; frameborder=&quot;0&quot; scrolling=&quot;yes&quot; style=&quot;min-height: 220px; max-height: 350px; width: 100%; left: 0px; bottom: 0px; position: fixed; display: block; z-index: 2147483647; box-shadow: rgba(0, 0, 0, 0.12) 0px 6px 30px 5px, rgba(0, 0, 0, 0.14) 0px 16px 24px 2px, rgba(0, 0, 0, 0.2) 0px 8px 10px -5px; height: 212px;&quot;&gt;&lt;/iframe&gt;&#10;  (Session info: chrome=113.0.5672.92)&#10;Build info: version: &apos;4.9.0&apos;, revision: &apos;d7057100a6&apos;&#10;System info: os.name: &apos;Mac OS X&apos;, os.arch: &apos;x86_64&apos;, os.version: &apos;11.7&apos;, java.version: &apos;17.0.4&apos;&#10;Driver info: org.openqa.selenium.chrome.ChromeDriver&#10;Command: [51e6ae320716b99a9dff4a35c70547fd, clickElement {id=61a1efaf-db56-4bf1-8460-b934c9d6c181}]&#10;Capabilities {acceptInsecureCerts: false, browserName: chrome, browserVersion: 113.0.5672.92, chrome: {chromedriverVersion: 112.0.5615.49 (bd2a7bcb881c..., userDataDir: /var/folders/5y/3bdbxcnd0r5...}, goog:chromeOptions: {debuggerAddress: localhost:51104}, networkConnectionEnabled: false, pageLoadStrategy: normal, platformName: MAC, proxy: Proxy(), se:cdp: ws://localhost:51104/devtoo..., se:cdpVersion: 113.0.5672.92, setWindowRect: true, strictFileInteractability: false, timeouts: {implicit: 0, pageLoad: 300000, script: 30000}, unhandledPromptBehavior: dismiss and notify, webauthn:extension:credBlob: true, webauthn:extension:largeBlob: true, webauthn:extension:minPinLength: true, webauthn:extension:prf: true, webauthn:virtualAuthenticators: true}&#10;Element: [[ChromeDriver: chrome on MAC (51e6ae320716b99a9dff4a35c70547fd)] -&gt; name: btnLogin]&#10;Session ID: 51e6ae320716b99a9dff4a35c70547fd" type="org.openqa.selenium.ElementClickInterceptedException"><![CDATA[org.openqa.selenium.ElementClickInterceptedException: 
element click intercepted: Element <input type="submit" name="btnLogin" value="LOGIN"> is not clickable at point (518, 440). Other element would receive the click: <iframe src="https://ccpa-manager.privacymanager.io/latest/index.html#/notice" id="ccpa-consent-notice" class="faktor-iframe-wrapper" frameborder="0" scrolling="yes" style="min-height: 220px; max-height: 350px; width: 100%; left: 0px; bottom: 0px; position: fixed; display: block; z-index: 2147483647; box-shadow: rgba(0, 0, 0, 0.12) 0px 6px 30px 5px, rgba(0, 0, 0, 0.14) 0px 16px 24px 2px, rgba(0, 0, 0, 0.2) 0px 8px 10px -5px; height: 212px;"></iframe>
  (Session info: chrome=113.0.5672.92)
Build info: version: '4.9.0', revision: 'd7057100a6'
System info: os.name: 'Mac OS X', os.arch: 'x86_64', os.version: '11.7', java.version: '17.0.4'
Driver info: org.openqa.selenium.chrome.ChromeDriver
Command: [51e6ae320716b99a9dff4a35c70547fd, clickElement {id=61a1efaf-db56-4bf1-8460-b934c9d6c181}]
Capabilities {acceptInsecureCerts: false, browserName: chrome, browserVersion: 113.0.5672.92, chrome: {chromedriverVersion: 112.0.5615.49 (bd2a7bcb881c..., userDataDir: /var/folders/5y/3bdbxcnd0r5...}, goog:chromeOptions: {debuggerAddress: localhost:51104}, networkConnectionEnabled: false, pageLoadStrategy: normal, platformName: MAC, proxy: Proxy(), se:cdp: ws://localhost:51104/devtoo..., se:cdpVersion: 113.0.5672.92, setWindowRect: true, strictFileInteractability: false, timeouts: {implicit: 0, pageLoad: 300000, script: 30000}, unhandledPromptBehavior: dismiss and notify, webauthn:extension:credBlob: true, webauthn:extension:largeBlob: true, webauthn:extension:minPinLength: true, webauthn:extension:prf: true, webauthn:virtualAuthenticators: true}
Element: [[ChromeDriver: chrome on MAC (51e6ae320716b99a9dff4a35c70547fd)] -> name: btnLogin]
Session ID: 51e6ae320716b99a9dff4a35c70547fd
	at com.inetBanking.testCases.TC_LoginTest_001.loginTest(TC_LoginTest_001.java:29)
]]></failure>
    <system-out><![CDATA[05-16-2023 17:12:23 TC_LoginTest_001.java INFO  [main] testCases.BaseClass 23 - URL is opened
05-16-2023 17:12:24 TC_LoginTest_001.java INFO  [main] testCases.BaseClass 26 - User name is entered
05-16-2023 17:12:24 TC_LoginTest_001.java INFO  [main] testCases.BaseClass 28 - Password is entered
]]></system-out>
    <system-err><![CDATA[Starting ChromeDriver 112.0.5615.49 (bd2a7bcb881c11e8cfe3078709382934e3916914-refs/branch-heads/5615@{#936}) on port 10962
Only local connections are allowed.
Please see https://chromedriver.chromium.org/security-considerations for suggestions on keeping ChromeDriver safe.
ChromeDriver was started successfully.
[1684282337.164][WARNING]: This version of ChromeDriver has not been tested with Chrome version 113.
May 16, 2023 5:12:17 PM org.openqa.selenium.devtools.CdpVersionFinder findNearestMatch
WARNING: Unable to find an exact match for CDP version 113, so returning the closest version found: 112
]]></system-err>
  </testcase>
  <testcase name="addNewCustomer" classname="com.inetBanking.testCases.TC_AddCustomerTest_003" time="4.087">
    <failure message="no such element: Unable to locate element: {&quot;method&quot;:&quot;css selector&quot;,&quot;selector&quot;:&quot;*[name=&apos;name&apos;]&quot;}&#10;  (Session info: chrome=113.0.5672.92)&#10;For documentation on this error, please visit: https://selenium.dev/exceptions/#no_such_element&#10;Build info: version: &apos;4.9.0&apos;, revision: &apos;d7057100a6&apos;&#10;System info: os.name: &apos;Mac OS X&apos;, os.arch: &apos;x86_64&apos;, os.version: &apos;11.7&apos;, java.version: &apos;17.0.4&apos;&#10;Driver info: org.openqa.selenium.chrome.ChromeDriver&#10;Command: [92e755aebacff604522dcc9868531778, findElement {using=name, value=name}]&#10;Capabilities {acceptInsecureCerts: false, browserName: chrome, browserVersion: 113.0.5672.92, chrome: {chromedriverVersion: 112.0.5615.49 (bd2a7bcb881c..., userDataDir: /var/folders/5y/3bdbxcnd0r5...}, goog:chromeOptions: {debuggerAddress: localhost:51164}, networkConnectionEnabled: false, pageLoadStrategy: normal, platformName: MAC, proxy: Proxy(), se:cdp: ws://localhost:51164/devtoo..., se:cdpVersion: 113.0.5672.92, setWindowRect: true, strictFileInteractability: false, timeouts: {implicit: 0, pageLoad: 300000, script: 30000}, unhandledPromptBehavior: dismiss and notify, webauthn:extension:credBlob: true, webauthn:extension:largeBlob: true, webauthn:extension:minPinLength: true, webauthn:extension:prf: true, webauthn:virtualAuthenticators: true}&#10;Session ID: 92e755aebacff604522dcc9868531778" type="org.openqa.selenium.NoSuchElementException">org.openqa.selenium.NoSuchElementException: 
no such element: Unable to locate element: {"method":"css selector","selector":"*[name='name']"}
  (Session info: chrome=113.0.5672.92)
For documentation on this error, please visit: https://selenium.dev/exceptions/#no_such_element
Build info: version: '4.9.0', revision: 'd7057100a6'
System info: os.name: 'Mac OS X', os.arch: 'x86_64', os.version: '11.7', java.version: '17.0.4'
Driver info: org.openqa.selenium.chrome.ChromeDriver
Command: [92e755aebacff604522dcc9868531778, findElement {using=name, value=name}]
Capabilities {acceptInsecureCerts: false, browserName: chrome, browserVersion: 113.0.5672.92, chrome: {chromedriverVersion: 112.0.5615.49 (bd2a7bcb881c..., userDataDir: /var/folders/5y/3bdbxcnd0r5...}, goog:chromeOptions: {debuggerAddress: localhost:51164}, networkConnectionEnabled: false, pageLoadStrategy: normal, platformName: MAC, proxy: Proxy(), se:cdp: ws://localhost:51164/devtoo..., se:cdpVersion: 113.0.5672.92, setWindowRect: true, strictFileInteractability: false, timeouts: {implicit: 0, pageLoad: 300000, script: 30000}, unhandledPromptBehavior: dismiss and notify, webauthn:extension:credBlob: true, webauthn:extension:largeBlob: true, webauthn:extension:minPinLength: true, webauthn:extension:prf: true, webauthn:virtualAuthenticators: true}
Session ID: 92e755aebacff604522dcc9868531778
	at com.inetBanking.testCases.TC_AddCustomerTest_003.addNewCustomer(TC_AddCustomerTest_003.java:29)
</failure>
    <system-out><![CDATA[05-16-2023 17:12:32 TC_AddCustomerTest_003.java INFO  [main] testCases.BaseClass 19 - Username is provided
05-16-2023 17:12:33 TC_AddCustomerTest_003.java INFO  [main] testCases.BaseClass 21 - Password is provided
05-16-2023 17:12:36 TC_AddCustomerTest_003.java INFO  [main] testCases.BaseClass 28 - Providing customer details....
]]></system-out>
    <system-err><![CDATA[Starting ChromeDriver 112.0.5615.49 (bd2a7bcb881c11e8cfe3078709382934e3916914-refs/branch-heads/5615@{#936}) on port 36115
Only local connections are allowed.
Please see https://chromedriver.chromium.org/security-considerations for suggestions on keeping ChromeDriver safe.
ChromeDriver was started successfully.
[1684282346.765][WARNING]: This version of ChromeDriver has not been tested with Chrome version 113.
May 16, 2023 5:12:26 PM org.openqa.selenium.devtools.CdpVersionFinder findNearestMatch
WARNING: Unable to find an exact match for CDP version 113, so returning the closest version found: 112
]]></system-err>
  </testcase>
</testsuite>